<?xml version="1.0" encoding="UTF-8"?>
<!-- Generated by org.testng.reporters.JUnitReportReporter -->
<testsuite hostname="avinash-PC" name="AnnotaionsPkg.TestAnnotations" tests="2" failures="1" timestamp="5 Jun 2020 08:32:42 GMT" time="0.009" errors="0">
  <testcase name="m1" time="0.002" classname="AnnotaionsPkg.TestAnnotations">
    <failure type="org.testng.TestNGException" message="
Parameter &#039;rollnumber&#039; is required by @Test on method m1 but has not been marked @Optional or defined
in C:\Users\avinash\AppData\Local\Temp\testng-eclipse-952925920\testng-customsuite.xml">
      <![CDATA[org.testng.TestNGException: 
Parameter 'rollnumber' is required by @Test on method m1 but has not been marked @Optional or defined
in C:\Users\avinash\AppData\Local\Temp\testng-eclipse-952925920\testng-customsuite.xml
	at org.testng.internal.Parameters.createParameters(Parameters.java:155)
	at org.testng.internal.Parameters.createParameters(Parameters.java:358)
	at org.testng.internal.Parameters.handleParameters(Parameters.java:450)
	at org.testng.internal.Invoker.handleParameters(Invoker.java:1383)
	at org.testng.internal.Invoker.createParameters(Invoker.java:1075)
	at org.testng.internal.Invoker.invokeTestMethods(Invoker.java:1180)
	at org.testng.internal.TestMethodWorker.invokeTestMethods(TestMethodWorker.java:127)
	at org.testng.internal.TestMethodWorker.run(TestMethodWorker.java:111)
	at org.testng.TestRunner.privateRun(TestRunner.java:767)
	at org.testng.TestRunner.run(TestRunner.java:617)
	at org.testng.SuiteRunner.runTest(SuiteRunner.java:348)
	at org.testng.SuiteRunner.runSequentially(SuiteRunner.java:343)
	at org.testng.SuiteRunner.privateRun(SuiteRunner.java:305)
	at org.testng.SuiteRunner.run(SuiteRunner.java:254)
	at org.testng.SuiteRunnerWorker.runSuite(SuiteRunnerWorker.java:52)
	at org.testng.SuiteRunnerWorker.run(SuiteRunnerWorker.java:86)
	at org.testng.TestNG.runSuitesSequentially(TestNG.java:1224)
	at org.testng.TestNG.runSuitesLocally(TestNG.java:1149)
	at org.testng.TestNG.run(TestNG.java:1057)
	at org.testng.remote.AbstractRemoteTestNG.run(AbstractRemoteTestNG.java:114)
	at org.testng.remote.RemoteTestNG.initAndRun(RemoteTestNG.java:251)
	at org.testng.remote.RemoteTestNG.main(RemoteTestNG.java:77)
]]>
    </failure>
  </testcase> <!-- m1 -->
  <testcase name="m3" time="0.007" classname="AnnotaionsPkg.TestAnnotations"/>
</testsuite> <!-- AnnotaionsPkg.TestAnnotations -->
